[1.020s] Invoking command in '/home/robu/work/robu_p_ws/src/robu': PYTHONPATH=/home/robu/work/robu_p_ws/build/robu/prefix_override:/home/robu/work/robu_p_ws/install/robu/lib/python3.10/site-packages:${PYTHONPATH} /usr/bin/python3 setup.py egg_info --egg-base ../../build/robu build --build-base /home/robu/work/robu_p_ws/build/robu/build install --record /home/robu/work/robu_p_ws/build/robu/install.log --single-version-externally-managed
[1.392s] running egg_info
[1.392s] writing ../../build/robu/robu.egg-info/PKG-INFO
[1.393s] writing dependency_links to ../../build/robu/robu.egg-info/dependency_links.txt
[1.393s] writing entry points to ../../build/robu/robu.egg-info/entry_points.txt
[1.394s] writing requirements to ../../build/robu/robu.egg-info/requires.txt
[1.394s] writing top-level names to ../../build/robu/robu.egg-info/top_level.txt
[1.396s] reading manifest file '../../build/robu/robu.egg-info/SOURCES.txt'
[1.398s] writing manifest file '../../build/robu/robu.egg-info/SOURCES.txt'
[1.398s] running build
[1.398s] running build_py
[1.399s] running install
[1.399s] running install_lib
[1.401s] running install_data
[1.401s] running install_egg_info
[1.403s] removing '/home/robu/work/robu_p_ws/install/robu/lib/python3.10/site-packages/robu-0.0.0-py3.10.egg-info' (and everything under it)
[1.410s] Copying ../../build/robu/robu.egg-info to /home/robu/work/robu_p_ws/install/robu/lib/python3.10/site-packages/robu-0.0.0-py3.10.egg-info
[1.411s] running install_scripts
[1.435s] Installing mypublisher script to /home/robu/work/robu_p_ws/install/robu/lib/robu
[1.436s] Installing mysubscriber script to /home/robu/work/robu_p_ws/install/robu/lib/robu
[1.436s] Installing wallfollower script to /home/robu/work/robu_p_ws/install/robu/lib/robu
[1.437s] writing list of installed files to '/home/robu/work/robu_p_ws/build/robu/install.log'
[1.481s] Invoked command in '/home/robu/work/robu_p_ws/src/robu' returned '0': PYTHONPATH=/home/robu/work/robu_p_ws/build/robu/prefix_override:/home/robu/work/robu_p_ws/install/robu/lib/python3.10/site-packages:${PYTHONPATH} /usr/bin/python3 setup.py egg_info --egg-base ../../build/robu build --build-base /home/robu/work/robu_p_ws/build/robu/build install --record /home/robu/work/robu_p_ws/build/robu/install.log --single-version-externally-managed
