[1.462s] Invoking command in '/home/robu/work/robu_p_ws/src/robu': PYTHONPATH=/home/robu/work/robu_p_ws/build/robu/prefix_override:/home/robu/work/robu_p_ws/install/robu/lib/python3.10/site-packages:${PYTHONPATH} /usr/bin/python3 setup.py egg_info --egg-base ../../build/robu build --build-base /home/robu/work/robu_p_ws/build/robu/build install --record /home/robu/work/robu_p_ws/build/robu/install.log --single-version-externally-managed
[1.966s] running egg_info
[1.968s] writing ../../build/robu/robu.egg-info/PKG-INFO
[1.970s] writing dependency_links to ../../build/robu/robu.egg-info/dependency_links.txt
[1.971s] writing entry points to ../../build/robu/robu.egg-info/entry_points.txt
[1.971s] writing requirements to ../../build/robu/robu.egg-info/requires.txt
[1.971s] writing top-level names to ../../build/robu/robu.egg-info/top_level.txt
[1.972s] reading manifest file '../../build/robu/robu.egg-info/SOURCES.txt'
[1.975s] writing manifest file '../../build/robu/robu.egg-info/SOURCES.txt'
[1.975s] running build
[1.976s] running build_py
[1.976s] running install
[1.976s] running install_lib
[1.979s] running install_data
[1.979s] running install_egg_info
[1.985s] removing '/home/robu/work/robu_p_ws/install/robu/lib/python3.10/site-packages/robu-0.0.0-py3.10.egg-info' (and everything under it)
[1.997s] Copying ../../build/robu/robu.egg-info to /home/robu/work/robu_p_ws/install/robu/lib/python3.10/site-packages/robu-0.0.0-py3.10.egg-info
[1.997s] running install_scripts
[2.047s] Installing mypublisher script to /home/robu/work/robu_p_ws/install/robu/lib/robu
[2.048s] Installing mysubscriber script to /home/robu/work/robu_p_ws/install/robu/lib/robu
[2.049s] Installing wallfollower script to /home/robu/work/robu_p_ws/install/robu/lib/robu
[2.050s] writing list of installed files to '/home/robu/work/robu_p_ws/build/robu/install.log'
[2.150s] Invoked command in '/home/robu/work/robu_p_ws/src/robu' returned '0': PYTHONPATH=/home/robu/work/robu_p_ws/build/robu/prefix_override:/home/robu/work/robu_p_ws/install/robu/lib/python3.10/site-packages:${PYTHONPATH} /usr/bin/python3 setup.py egg_info --egg-base ../../build/robu build --build-base /home/robu/work/robu_p_ws/build/robu/build install --record /home/robu/work/robu_p_ws/build/robu/install.log --single-version-externally-managed
