[1.014s] Invoking command in '/home/robu/work/robu_p_ws/src/robu': PYTHONPATH=/home/robu/work/robu_p_ws/build/robu/prefix_override:/home/robu/work/robu_p_ws/install/robu/lib/python3.10/site-packages:${PYTHONPATH} /usr/bin/python3 setup.py egg_info --egg-base ../../build/robu build --build-base /home/robu/work/robu_p_ws/build/robu/build install --record /home/robu/work/robu_p_ws/build/robu/install.log --single-version-externally-managed
[1.444s] running egg_info
[1.445s] creating ../../build/robu/robu.egg-info
[1.446s] writing ../../build/robu/robu.egg-info/PKG-INFO
[1.447s] writing dependency_links to ../../build/robu/robu.egg-info/dependency_links.txt
[1.447s] writing entry points to ../../build/robu/robu.egg-info/entry_points.txt
[1.448s] writing requirements to ../../build/robu/robu.egg-info/requires.txt
[1.449s] writing top-level names to ../../build/robu/robu.egg-info/top_level.txt
[1.449s] writing manifest file '../../build/robu/robu.egg-info/SOURCES.txt'
[1.452s] reading manifest file '../../build/robu/robu.egg-info/SOURCES.txt'
[1.453s] writing manifest file '../../build/robu/robu.egg-info/SOURCES.txt'
[1.454s] running build
[1.455s] running build_py
[1.456s] creating /home/robu/work/robu_p_ws/build/robu/build
[1.458s] creating /home/robu/work/robu_p_ws/build/robu/build/lib
[1.459s] creating /home/robu/work/robu_p_ws/build/robu/build/lib/robu
[1.460s] copying robu/ex10_wallfollower.py -> /home/robu/work/robu_p_ws/build/robu/build/lib/robu
[1.460s] copying robu/publisher_member_function.py -> /home/robu/work/robu_p_ws/build/robu/build/lib/robu
[1.461s] copying robu/__init__.py -> /home/robu/work/robu_p_ws/build/robu/build/lib/robu
[1.462s] copying robu/subscriber_member_function.py -> /home/robu/work/robu_p_ws/build/robu/build/lib/robu
[1.462s] running install
[1.463s] running install_lib
[1.464s] creating /home/robu/work/robu_p_ws/install/robu/lib/python3.10/site-packages/robu
[1.465s] copying /home/robu/work/robu_p_ws/build/robu/build/lib/robu/ex10_wallfollower.py -> /home/robu/work/robu_p_ws/install/robu/lib/python3.10/site-packages/robu
[1.465s] copying /home/robu/work/robu_p_ws/build/robu/build/lib/robu/publisher_member_function.py -> /home/robu/work/robu_p_ws/install/robu/lib/python3.10/site-packages/robu
[1.466s] copying /home/robu/work/robu_p_ws/build/robu/build/lib/robu/__init__.py -> /home/robu/work/robu_p_ws/install/robu/lib/python3.10/site-packages/robu
[1.466s] copying /home/robu/work/robu_p_ws/build/robu/build/lib/robu/subscriber_member_function.py -> /home/robu/work/robu_p_ws/install/robu/lib/python3.10/site-packages/robu
[1.468s] byte-compiling /home/robu/work/robu_p_ws/install/robu/lib/python3.10/site-packages/robu/ex10_wallfollower.py to ex10_wallfollower.cpython-310.pyc
[1.469s] byte-compiling /home/robu/work/robu_p_ws/install/robu/lib/python3.10/site-packages/robu/publisher_member_function.py to publisher_member_function.cpython-310.pyc
[1.471s] byte-compiling /home/robu/work/robu_p_ws/install/robu/lib/python3.10/site-packages/robu/__init__.py to __init__.cpython-310.pyc
[1.473s] byte-compiling /home/robu/work/robu_p_ws/install/robu/lib/python3.10/site-packages/robu/subscriber_member_function.py to subscriber_member_function.cpython-310.pyc
[1.474s] running install_data
[1.476s] creating /home/robu/work/robu_p_ws/install/robu/share/ament_index
[1.476s] creating /home/robu/work/robu_p_ws/install/robu/share/ament_index/resource_index
[1.479s] creating /home/robu/work/robu_p_ws/install/robu/share/ament_index/resource_index/packages
[1.479s] copying resource/robu -> /home/robu/work/robu_p_ws/install/robu/share/ament_index/resource_index/packages
[1.480s] copying package.xml -> /home/robu/work/robu_p_ws/install/robu/share/robu
[1.481s] running install_egg_info
[1.487s] Copying ../../build/robu/robu.egg-info to /home/robu/work/robu_p_ws/install/robu/lib/python3.10/site-packages/robu-0.0.0-py3.10.egg-info
[1.490s] running install_scripts
[1.519s] Installing ex10_wallfollower script to /home/robu/work/robu_p_ws/install/robu/lib/robu
[1.520s] Installing mypublisher script to /home/robu/work/robu_p_ws/install/robu/lib/robu
[1.521s] Installing mysubscriber script to /home/robu/work/robu_p_ws/install/robu/lib/robu
[1.522s] writing list of installed files to '/home/robu/work/robu_p_ws/build/robu/install.log'
[1.577s] Invoked command in '/home/robu/work/robu_p_ws/src/robu' returned '0': PYTHONPATH=/home/robu/work/robu_p_ws/build/robu/prefix_override:/home/robu/work/robu_p_ws/install/robu/lib/python3.10/site-packages:${PYTHONPATH} /usr/bin/python3 setup.py egg_info --egg-base ../../build/robu build --build-base /home/robu/work/robu_p_ws/build/robu/build install --record /home/robu/work/robu_p_ws/build/robu/install.log --single-version-externally-managed
