[1.069s] Invoking command in '/home/robu/work/robu_p_ws/src/robu': PYTHONPATH=/home/robu/work/robu_p_ws/build/robu/prefix_override:/home/robu/work/robu_p_ws/install/robu/lib/python3.10/site-packages:${PYTHONPATH} /usr/bin/python3 setup.py egg_info --egg-base ../../build/robu build --build-base /home/robu/work/robu_p_ws/build/robu/build install --record /home/robu/work/robu_p_ws/build/robu/install.log --single-version-externally-managed
[1.418s] running egg_info
[1.419s] writing ../../build/robu/robu.egg-info/PKG-INFO
[1.421s] writing dependency_links to ../../build/robu/robu.egg-info/dependency_links.txt
[1.422s] writing entry points to ../../build/robu/robu.egg-info/entry_points.txt
[1.422s] writing requirements to ../../build/robu/robu.egg-info/requires.txt
[1.423s] writing top-level names to ../../build/robu/robu.egg-info/top_level.txt
[1.426s] reading manifest file '../../build/robu/robu.egg-info/SOURCES.txt'
[1.427s] writing manifest file '../../build/robu/robu.egg-info/SOURCES.txt'
[1.428s] running build
[1.428s] running build_py
[1.429s] copying robu/ex10_wallfollower.py -> /home/robu/work/robu_p_ws/build/robu/build/lib/robu
[1.430s] running install
[1.431s] running install_lib
[1.432s] copying /home/robu/work/robu_p_ws/build/robu/build/lib/robu/ex10_wallfollower.py -> /home/robu/work/robu_p_ws/install/robu/lib/python3.10/site-packages/robu
[1.433s] byte-compiling /home/robu/work/robu_p_ws/install/robu/lib/python3.10/site-packages/robu/ex10_wallfollower.py to ex10_wallfollower.cpython-310.pyc
[1.438s] running install_data
[1.438s] running install_egg_info
[1.446s] removing '/home/robu/work/robu_p_ws/install/robu/lib/python3.10/site-packages/robu-0.0.0-py3.10.egg-info' (and everything under it)
[1.451s] Copying ../../build/robu/robu.egg-info to /home/robu/work/robu_p_ws/install/robu/lib/python3.10/site-packages/robu-0.0.0-py3.10.egg-info
[1.458s] running install_scripts
[1.485s] Installing ex10_wallfollower script to /home/robu/work/robu_p_ws/install/robu/lib/robu
[1.486s] Installing mypublisher script to /home/robu/work/robu_p_ws/install/robu/lib/robu
[1.487s] Installing mysubscriber script to /home/robu/work/robu_p_ws/install/robu/lib/robu
[1.488s] writing list of installed files to '/home/robu/work/robu_p_ws/build/robu/install.log'
[1.522s] Invoked command in '/home/robu/work/robu_p_ws/src/robu' returned '0': PYTHONPATH=/home/robu/work/robu_p_ws/build/robu/prefix_override:/home/robu/work/robu_p_ws/install/robu/lib/python3.10/site-packages:${PYTHONPATH} /usr/bin/python3 setup.py egg_info --egg-base ../../build/robu build --build-base /home/robu/work/robu_p_ws/build/robu/build install --record /home/robu/work/robu_p_ws/build/robu/install.log --single-version-externally-managed
